app/manifest-merger-release-report.txt
-- Merging decision tree log ---
manifest
ADDED from AndroidManifest.xml:2:1
	xmlns:android
		ADDED from AndroidManifest.xml:2:11
	package
		ADDED from AndroidManifest.xml:3:5
		INJECTED from AndroidManifest.xml:0:0
		INJECTED from AndroidManifest.xml:0:0
	android:versionName
		INJECTED from AndroidManifest.xml:0:0
		INJECTED from AndroidManifest.xml:0:0
	android:versionCode
		INJECTED from AndroidManifest.xml:0:0
		INJECTED from AndroidManifest.xml:0:0
uses-permission#android.permission.INTERNET
ADDED from AndroidManifest.xml:4:5
	android:name
		ADDED from AndroidManifest.xml:4:22
application
ADDED from AndroidManifest.xml:7:5
MERGED from com.android.support:appcompat-v7:22.2.1:22:5
MERGED from com.android.support:support-v4:22.2.1:22:5
	android:label
		ADDED from AndroidManifest.xml:10:9
	android:allowBackup
		ADDED from AndroidManifest.xml:8:9
	android:icon
		ADDED from AndroidManifest.xml:9:9
	android:theme
		ADDED from AndroidManifest.xml:11:9
activity#com.hfad.esbroster.CheckTimingsActivity
ADDED from AndroidManifest.xml:13:9
	android:screenOrientation
		ADDED from AndroidManifest.xml:18:13
	android:label
		ADDED from AndroidManifest.xml:15:13
	android:theme
		ADDED from AndroidManifest.xml:16:13
	android:parentActivityName
		ADDED from AndroidManifest.xml:17:13
	android:name
		ADDED from AndroidManifest.xml:14:13
activity#com.hfad.esbroster.SaveTimingsActivity
ADDED from AndroidManifest.xml:21:9
	android:screenOrientation
		ADDED from AndroidManifest.xml:26:13
	android:label
		ADDED from AndroidManifest.xml:23:13
	android:theme
		ADDED from AndroidManifest.xml:24:13
	android:parentActivityName
		ADDED from AndroidManifest.xml:25:13
	android:name
		ADDED from AndroidManifest.xml:22:13
activity#com.hfad.esbroster.ShowTimingsActivity
ADDED from AndroidManifest.xml:28:9
	android:screenOrientation
		ADDED from AndroidManifest.xml:33:13
	android:label
		ADDED from AndroidManifest.xml:30:13
	android:theme
		ADDED from AndroidManifest.xml:31:13
	android:parentActivityName
		ADDED from AndroidManifest.xml:32:13
	android:name
		ADDED from AndroidManifest.xml:29:13
activity#com.hfad.esbroster.DrawerActivity
ADDED from AndroidManifest.xml:37:9
	android:screenOrientation
		ADDED from AndroidManifest.xml:41:13
	android:label
		ADDED from AndroidManifest.xml:39:13
	android:theme
		ADDED from AndroidManifest.xml:40:13
	android:name
		ADDED from AndroidManifest.xml:38:13
intent-filter#android.intent.action.MAIN+android.intent.category.LAUNCHER
ADDED from AndroidManifest.xml:42:13
action#android.intent.action.MAIN
ADDED from AndroidManifest.xml:43:13
	android:name
		ADDED from AndroidManifest.xml:43:21
category#android.intent.category.LAUNCHER
ADDED from AndroidManifest.xml:45:13
	android:name
		ADDED from AndroidManifest.xml:45:23
activity#com.hfad.esbroster.AddUserActivity
ADDED from AndroidManifest.xml:49:9
	android:screenOrientation
		ADDED from AndroidManifest.xml:54:13
	android:label
		ADDED from AndroidManifest.xml:51:13
	android:theme
		ADDED from AndroidManifest.xml:52:13
	android:parentActivityName
		ADDED from AndroidManifest.xml:53:13
	android:name
		ADDED from AndroidManifest.xml:50:13
activity#com.hfad.esbroster.CheckTimingsByDateActivity
ADDED from AndroidManifest.xml:57:9
	android:screenOrientation
		ADDED from AndroidManifest.xml:62:13
	android:label
		ADDED from AndroidManifest.xml:59:13
	android:theme
		ADDED from AndroidManifest.xml:60:13
	android:parentActivityName
		ADDED from AndroidManifest.xml:61:13
	android:name
		ADDED from AndroidManifest.xml:58:13
activity#com.hfad.esbroster.ShowTimingsByDateActivity
ADDED from AndroidManifest.xml:65:9
	android:screenOrientation
		ADDED from AndroidManifest.xml:70:13
	android:label
		ADDED from AndroidManifest.xml:67:13
	android:theme
		ADDED from AndroidManifest.xml:68:13
	android:parentActivityName
		ADDED from AndroidManifest.xml:69:13
	android:name
		ADDED from AndroidManifest.xml:66:13
meta-data#android.app.searchable
ADDED from AndroidManifest.xml:71:9
	android:resource
		ADDED from AndroidManifest.xml:73:13
	android:name
		ADDED from AndroidManifest.xml:72:13
activity#com.hfad.esbroster.DeleteUserActivity
ADDED from AndroidManifest.xml:77:9
	android:screenOrientation
		ADDED from AndroidManifest.xml:82:13
	android:label
		ADDED from AndroidManifest.xml:79:13
	android:theme
		ADDED from AndroidManifest.xml:80:13
	android:parentActivityName
		ADDED from AndroidManifest.xml:81:13
	android:name
		ADDED from AndroidManifest.xml:78:13
activity#com.hfad.esbroster.SearchListview
ADDED from AndroidManifest.xml:85:9
	android:screenOrientation
		ADDED from AndroidManifest.xml:90:13
	android:label
		ADDED from AndroidManifest.xml:87:13
	android:theme
		ADDED from AndroidManifest.xml:88:13
	android:parentActivityName
		ADDED from AndroidManifest.xml:89:13
	android:name
		ADDED from AndroidManifest.xml:86:13
uses-sdk
INJECTED from AndroidManifest.xml:0:0 reason: use-sdk injection requested
MERGED from com.android.support:appcompat-v7:22.2.1:20:5
MERGED from com.android.support:support-v4:22.2.1:20:5
	android:targetSdkVersion
		INJECTED from AndroidManifest.xml:0:0
		INJECTED from AndroidManifest.xml:0:0
	android:minSdkVersion
		INJECTED from AndroidManifest.xml:0:0
		INJECTED from AndroidManifest.xml:0:0